<?xml version="1.0" encoding="UTF-8"?>
<testsuite xmlns:xsi="http://www.w3.org/2001/XMLSchema-instance" xsi:noNamespaceSchemaLocation="https://maven.apache.org/surefire/maven-surefire-plugin/xsd/surefire-test-report-3.0.xsd" version="3.0" name="PipelineBuilderTest" time="1.671" tests="10" errors="0" skipped="0" failures="0">
  <properties>
[...]
</properties>
  <testcase name="success" classname="PipelineBuilderTest" time="0.23">
    <system-out><![CDATA[Instance: operator-id -> Config: Configuration{}
Instance: sink-id -> Config: Configuration{}
Instance: source-id -> Config: Configuration{}
]]></system-out>
  </testcase>
  <testcase name="fail_empty_template_id" classname="PipelineBuilderTest" time="0.02"/>
  <testcase name="fail_empty_instance_id" classname="PipelineBuilderTest" time="0.017"/>
  <testcase name="fail_null_response" classname="PipelineBuilderTest" time="0.01"/>
  <testcase name="fail_null_producer_config" classname="PipelineBuilderTest" time="0.012"/>
  <testcase name="fail_null_template_id" classname="PipelineBuilderTest" time="0.018"/>
  <testcase name="fail_null_instance_id" classname="PipelineBuilderTest" time="0.014"/>
  <testcase name="fail_null_response_body" classname="PipelineBuilderTest" time="0.0"/>
  <testcase name="fail_null_producer_configs" classname="PipelineBuilderTest" time="0.021"/>
  <testcase name="fail_empty_producer_configs" classname="PipelineBuilderTest" time="0.009"/>
</testsuite>